<?xml version="1.0" encoding="UTF-8"?>
<testng-results skipped="0" failed="0" total="1" passed="1">
  <reporter-output>
  </reporter-output>
  <suite name="Default suite" duration-ms="10173" started-at="2022-07-05T10:32:02Z" finished-at="2022-07-05T10:32:12Z">
    <groups>
    </groups>
    <test name="Default test" duration-ms="10173" started-at="2022-07-05T10:32:02Z" finished-at="2022-07-05T10:32:12Z">
      <class name="CICDProject.CICDProject.login">
        <test-method status="PASS" signature="test()[pri:0, instance:CICDProject.CICDProject.login@6bf256fa]" name="test" duration-ms="10155" started-at="2022-07-05T16:02:02Z" finished-at="2022-07-05T16:02:12Z">
          <reporter-output>
          </reporter-output>
        </test-method> <!-- test -->
      </class> <!-- CICDProject.CICDProject.login -->
    </test> <!-- Default test -->
  </suite> <!-- Default suite -->
</testng-results>
